<?xml version="1.0" encoding="UTF-8"?>
<!-- Generated by org.testng.reporters.JUnitXMLReporter -->
<testsuite ignored="9" hostname="PERFIOS-HW-099" failures="2" tests="10" name="Test" time="731.963" errors="0" timestamp="2021-11-30T13:31:33 IST">
  <testcase classname="AA.Anumati.SearchAccountUsingPhNoAndBank" name="AccountsSearch" time="71.65">
    <failure type="org.openqa.selenium.StaleElementReferenceException" message="androidx.test.uiautomator.StaleObjectException
For documentation on this error, please visit: https://www.seleniumhq.org/exceptions/stale_element_reference.html
Build info: version: &amp;apos;3.141.59&amp;apos;, revision: &amp;apos;e82be7d358&amp;apos;, time: &amp;apos;2018-11-14T08:17:03&amp;apos;
System info: host: &amp;apos;PERFIOS-HW-099&amp;apos;, ip: &amp;apos;192.168.22.92&amp;apos;, os.name: &amp;apos;Windows 10&amp;apos;, os.arch: &amp;apos;amd64&amp;apos;, os.version: &amp;apos;10.0&amp;apos;, java.version: &amp;apos;14.0.2&amp;apos;
Driver info: io.appium.java_client.android.AndroidDriver
Capabilities {app: C:\Users\Fayaz\Appium\Anuma..., appPackage: com.anumati, autoGrantPermissions: true, automationName: uiautomator2, chromeOptions: {w3c: false}, databaseEnabled: false, desired: {app: C:\Users\Fayaz\Appium\Anuma..., autoGrantPermissions: true, automationName: uiautomator2, chromeOptions: {w3c: false}, deviceName: Fayaz_Emulator2, goog:chromeOptions: {w3c: false}, newCommandTimeout: 14, platformName: android}, deviceApiLevel: 30, deviceManufacturer: unknown, deviceModel: Android SDK built for x86, deviceName: emulator-5554, deviceScreenDensity: 420, deviceScreenSize: 1080x1920, deviceUDID: emulator-5554, goog:chromeOptions: {w3c: false}, javascriptEnabled: true, locationContextEnabled: false, networkConnectionEnabled: true, newCommandTimeout: 14, pixelRatio: 2.625, platform: LINUX, platformName: Android, platformVersion: 11, statBarHeight: 63, takesScreenshot: true, viewportRect: {height: 1731, left: 0, top: 63, width: 1080}, warnings: {}, webStorageEnabled: false}
Session ID: 53dba272-82ab-469a-87b3-e44c4c3483b5">
      <![CDATA[org.openqa.selenium.StaleElementReferenceException: androidx.test.uiautomator.StaleObjectException
For documentation on this error, please visit: https://www.seleniumhq.org/exceptions/stale_element_reference.html
Build info: version: '3.141.59', revision: 'e82be7d358', time: '2018-11-14T08:17:03'
System info: host: 'PERFIOS-HW-099', ip: '192.168.22.92', os.name: 'Windows 10', os.arch: 'amd64', os.version: '10.0', java.version: '14.0.2'
Driver info: io.appium.java_client.android.AndroidDriver
Capabilities {app: C:\Users\Fayaz\Appium\Anuma..., appPackage: com.anumati, autoGrantPermissions: true, automationName: uiautomator2, chromeOptions: {w3c: false}, databaseEnabled: false, desired: {app: C:\Users\Fayaz\Appium\Anuma..., autoGrantPermissions: true, automationName: uiautomator2, chromeOptions: {w3c: false}, deviceName: Fayaz_Emulator2, goog:chromeOptions: {w3c: false}, newCommandTimeout: 14, platformName: android}, deviceApiLevel: 30, deviceManufacturer: unknown, deviceModel: Android SDK built for x86, deviceName: emulator-5554, deviceScreenDensity: 420, deviceScreenSize: 1080x1920, deviceUDID: emulator-5554, goog:chromeOptions: {w3c: false}, javascriptEnabled: true, locationContextEnabled: false, networkConnectionEnabled: true, newCommandTimeout: 14, pixelRatio: 2.625, platform: LINUX, platformName: Android, platformVersion: 11, statBarHeight: 63, takesScreenshot: true, viewportRect: {height: 1731, left: 0, top: 63, width: 1080}, warnings: {}, webStorageEnabled: false}
Session ID: 53dba272-82ab-469a-87b3-e44c4c3483b5
at org.openqa.selenium.remote.http.W3CHttpResponseCodec.createException(W3CHttpResponseCodec.java:187)
at org.openqa.selenium.remote.http.W3CHttpResponseCodec.decode(W3CHttpResponseCodec.java:122)
at org.openqa.selenium.remote.http.W3CHttpResponseCodec.decode(W3CHttpResponseCodec.java:49)
at org.openqa.selenium.remote.HttpCommandExecutor.execute(HttpCommandExecutor.java:158)
at io.appium.java_client.remote.AppiumCommandExecutor.execute(AppiumCommandExecutor.java:247)
at org.openqa.selenium.remote.RemoteWebDriver.execute(RemoteWebDriver.java:552)
at io.appium.java_client.DefaultGenericMobileDriver.execute(DefaultGenericMobileDriver.java:41)
at io.appium.java_client.AppiumDriver.execute(AppiumDriver.java:1)
at io.appium.java_client.android.AndroidDriver.execute(AndroidDriver.java:1)
at org.openqa.selenium.remote.RemoteWebElement.execute(RemoteWebElement.java:285)
at io.appium.java_client.DefaultGenericMobileElement.execute(DefaultGenericMobileElement.java:45)
at io.appium.java_client.MobileElement.execute(MobileElement.java:1)
at io.appium.java_client.android.AndroidElement.execute(AndroidElement.java:1)
at org.openqa.selenium.remote.RemoteWebElement.getText(RemoteWebElement.java:166)
at io.appium.java_client.pagefactory.ElementInterceptor.getObject(ElementInterceptor.java:40)
at io.appium.java_client.pagefactory.interceptors.InterceptorOfASingleElement.intercept(InterceptorOfASingleElement.java:60)
at io.appium.java_client.android.AndroidElement$$EnhancerByCGLIB$$b598166c.getText(<generated>)
at AA.Anumati.SearchAccountUsingPhNoAndBank.AccountsSearch(SearchAccountUsingPhNoAndBank.java:52)
at java.base/java.util.ArrayList.forEach(ArrayList.java:1511)
... Removed 36 stack frames]]>
    </failure>
  </testcase> <!-- AccountsSearch -->
  <testcase classname="AA.Anumati.AddAllAccounts" name="AllAccountsAdd" time="71.325"/>
  <testcase classname="AA.Anumati.FetchAccountDetails" name="AccountDetailsFetch" time="63.024"/>
  <testcase classname="AA.Anumati.ProfileEdit" name="EditTheProfile" time="76.485"/>
  <testcase classname="AA.Anumati.LoginNLogout" name="LoginAndLogout" time="59.627"/>
  <testcase classname="AA.Anumati.RemovingAllAccounts" name="RemoveAllAccounts" time="86.244"/>
  <testcase classname="AA.Anumati.AddingMultipleAccounts" name="MultiAccountsAdd" time="74.145"/>
  <testcase classname="AA.Anumati.RemovingSingleAccount" name="RemoveOneAccounts" time="60.61"/>
  <testcase classname="AA.Anumati.AddingSingleAccount" name="SingleAccountAdd" time="70.728"/>
  <testcase classname="AA.Anumati.ChangePIN" name="ChangingPIN" time="93.254">
    <failure type="org.openqa.selenium.NoSuchElementException" message="Can&amp;apos;t locate an element by this strategy: By.chained({By.xpath: //android.widget.EditText[@text=&amp;apos;Enter 4 digit PIN&amp;apos;]})">
      <![CDATA[org.openqa.selenium.NoSuchElementException: Can't locate an element by this strategy: By.chained({By.xpath: //android.widget.EditText[@text='Enter 4 digit PIN']})
at io.appium.java_client.pagefactory.AppiumElementLocator.findElement(AppiumElementLocator.java:126)
at io.appium.java_client.pagefactory.interceptors.InterceptorOfASingleElement.intercept(InterceptorOfASingleElement.java:59)
at io.appium.java_client.android.AndroidElement$$EnhancerByCGLIB$$b598166c.click(<generated>)
at AA.Anumati.ChangePIN.ChangingPIN(ChangePIN.java:72)
at java.base/java.util.ArrayList.forEach(ArrayList.java:1511)
Caused by: org.openqa.selenium.TimeoutException: Expected condition failed: waiting for io.appium.java_client.pagefactory.AppiumElementLocator$WaitingFunction@5785e813 (tried for 1 second(s) with 500 milliseconds interval)
at org.openqa.selenium.support.ui.FluentWait.timeoutException(FluentWait.java:304)
at org.openqa.selenium.support.ui.FluentWait.until(FluentWait.java:272)
at io.appium.java_client.pagefactory.AppiumElementLocator.waitFor(AppiumElementLocator.java:99)
at io.appium.java_client.pagefactory.AppiumElementLocator.findElement(AppiumElementLocator.java:119)
... 31 more
Caused by: org.openqa.selenium.NoSuchElementException: Cannot locate an element using By.chained({By.xpath: //android.widget.EditText[@text='Enter 4 digit PIN']})
For documentation on this error, please visit: https://www.seleniumhq.org/exceptions/no_such_element.html
Build info: version: '3.141.59', revision: 'e82be7d358', time: '2018-11-14T08:17:03'
System info: host: 'PERFIOS-HW-099', ip: '192.168.22.92', os.name: 'Windows 10', os.arch: 'amd64', os.version: '10.0', java.version: '14.0.2'
Driver info: driver.version: AndroidDriver
at io.appium.java_client.pagefactory.bys.builder.ByChained.findElement(ByChained.java:74)
at org.openqa.selenium.remote.RemoteWebDriver.findElement(RemoteWebDriver.java:315)
at io.appium.java_client.DefaultGenericMobileDriver.findElement(DefaultGenericMobileDriver.java:57)
at io.appium.java_client.AppiumDriver.findElement(AppiumDriver.java:1)
at io.appium.java_client.android.AndroidDriver.findElement(AndroidDriver.java:1)
at io.appium.java_client.pagefactory.bys.ContentMappedBy.findElement(ContentMappedBy.java:50)
at org.openqa.selenium.remote.RemoteWebDriver.findElement(RemoteWebDriver.java:315)
at io.appium.java_client.DefaultGenericMobileDriver.findElement(DefaultGenericMobileDriver.java:57)
at io.appium.java_client.AppiumDriver.findElement(AppiumDriver.java:1)
at io.appium.java_client.android.AndroidDriver.findElement(AndroidDriver.java:1)
at io.appium.java_client.pagefactory.AppiumElementLocator.lambda$0(AppiumElementLocator.java:120)
at io.appium.java_client.pagefactory.AppiumElementLocator$WaitingFunction.apply(AppiumElementLocator.java:172)
at io.appium.java_client.pagefactory.AppiumElementLocator$WaitingFunction.apply(AppiumElementLocator.java:1)
at org.openqa.selenium.support.ui.FluentWait.until(FluentWait.java:249)
... 33 more
... Removed 27 stack frames]]>
    </failure>
  </testcase> <!-- ChangingPIN -->
  <testcase classname="AA.Anumati.AAPerfios" name="@BeforeTest killAllNodes" time="0.0">
    <ignored/>
  </testcase> <!-- @BeforeTest killAllNodes -->
  <testcase classname="AA.Anumati.AAPerfios" name="@BeforeTest killAllNodes" time="0.0">
    <ignored/>
  </testcase> <!-- @BeforeTest killAllNodes -->
  <testcase classname="AA.Anumati.AAPerfios" name="@BeforeTest killAllNodes" time="0.0">
    <ignored/>
  </testcase> <!-- @BeforeTest killAllNodes -->
  <testcase classname="AA.Anumati.AAPerfios" name="@BeforeTest killAllNodes" time="0.0">
    <ignored/>
  </testcase> <!-- @BeforeTest killAllNodes -->
  <testcase classname="AA.Anumati.AAPerfios" name="@BeforeTest killAllNodes" time="0.0">
    <ignored/>
  </testcase> <!-- @BeforeTest killAllNodes -->
  <testcase classname="AA.Anumati.AAPerfios" name="@BeforeTest killAllNodes" time="0.0">
    <ignored/>
  </testcase> <!-- @BeforeTest killAllNodes -->
  <testcase classname="AA.Anumati.AAPerfios" name="@BeforeTest killAllNodes" time="0.0">
    <ignored/>
  </testcase> <!-- @BeforeTest killAllNodes -->
  <testcase classname="AA.Anumati.AAPerfios" name="@BeforeTest killAllNodes" time="0.0">
    <ignored/>
  </testcase> <!-- @BeforeTest killAllNodes -->
  <testcase classname="AA.Anumati.AAPerfios" name="@BeforeTest killAllNodes" time="0.0">
    <ignored/>
  </testcase> <!-- @BeforeTest killAllNodes -->
</testsuite> <!-- Test -->
